1569286625010	mozrunner::runner	INFO	Running command: "/usr/bin/firefox" "-marionette" "-foreground" "-no-remote" "-profile" "/tmp/rust_mozprofile8l4H06"
1569286625929	addons.webextension.screenshots@mozilla.org	WARN	Loading extension 'screenshots@mozilla.org': Reading manifest: Invalid host permission: resource://pdf.js/
1569286625929	addons.webextension.screenshots@mozilla.org	WARN	Loading extension 'screenshots@mozilla.org': Reading manifest: Invalid host permission: about:reader*

(firefox:8854): Gtk-WARNING **: Theme parsing error: <data>:1:34: Expected ')' in color definition

(firefox:8854): Gtk-WARNING **: Theme parsing error: <data>:1:77: Expected ')' in color definition
1569286629798	Marionette	INFO	Listening on port 39423
1569286629900	Marionette	WARN	TLS certificate errors will be ignored for this session
1569286862816	mozrunner::runner	INFO	Running command: "/usr/bin/firefox" "-marionette" "-foreground" "-no-remote" "-profile" "/tmp/rust_mozprofile26RTlX"
1569286863831	addons.webextension.screenshots@mozilla.org	WARN	Loading extension 'screenshots@mozilla.org': Reading manifest: Invalid host permission: resource://pdf.js/
1569286863831	addons.webextension.screenshots@mozilla.org	WARN	Loading extension 'screenshots@mozilla.org': Reading manifest: Invalid host permission: about:reader*

(firefox:9235): Gtk-WARNING **: Theme parsing error: <data>:1:34: Expected ')' in color definition

(firefox:9235): Gtk-WARNING **: Theme parsing error: <data>:1:77: Expected ')' in color definition
1569286867871	Marionette	INFO	Listening on port 38627
1569286867945	Marionette	WARN	TLS certificate errors will be ignored for this session

(/usr/lib/firefox/firefox:8983): Gtk-WARNING **: Error loading image 'file:///usr/share/themes/Breeze/assets/scrollbar-trough-vertical-backdrop.png': Error opening file: No such file or directory

(/usr/lib/firefox/firefox:8983): Gtk-WARNING **: Error loading image 'file:///usr/share/themes/Breeze/assets/scrollbar-slider-vertical-backdrop.png': Error opening file: No such file or directory
IPDL protocol error: Handler returned error code!

###!!! [Parent][DispatchAsyncMessage] Error: PLayerTransaction::Msg_ReleaseLayer Processing error: message was deserialized, but the handler returned false (indicating failure)

IPDL protocol error: Handler returned error code!

###!!! [Parent][DispatchAsyncMessage] Error: PLayerTransaction::Msg_ReleaseLayer Processing error: message was deserialized, but the handler returned false (indicating failure)

IPDL protocol error: Handler returned error code!

###!!! [Parent][DispatchAsyncMessage] Error: PLayerTransaction::Msg_ReleaseLayer Processing error: message was deserialized, but the handler returned false (indicating failure)

IPDL protocol error: Handler returned error code!

###!!! [Parent][DispatchAsyncMessage] Error: PLayerTransaction::Msg_ReleaseLayer Processing error: message was deserialized, but the handler returned false (indicating failure)

IPDL protocol error: Handler returned error code!

###!!! [Parent][DispatchAsyncMessage] Error: PLayerTransaction::Msg_ReleaseLayer Processing error: message was deserialized, but the handler returned false (indicating failure)

IPDL protocol error: Handler returned error code!

###!!! [Parent][DispatchAsyncMessage] Error: PLayerTransaction::Msg_ReleaseLayer Processing error: message was deserialized, but the handler returned false (indicating failure)

IPDL protocol error: Handler returned error code!

###!!! [Parent][DispatchAsyncMessage] Error: PLayerTransaction::Msg_ReleaseLayer Processing error: message was deserialized, but the handler returned false (indicating failure)

IPDL protocol error: Handler returned error code!

###!!! [Parent][DispatchAsyncMessage] Error: PLayerTransaction::Msg_ReleaseLayer Processing error: message was deserialized, but the handler returned false (indicating failure)

1569286876972	Marionette	INFO	Stopped listening on port 39423

(/usr/lib/firefox/firefox:9339): Gtk-WARNING **: Error loading image 'file:///usr/share/themes/Breeze/assets/scrollbar-trough-vertical-backdrop.png': Error opening file: No such file or directory

(/usr/lib/firefox/firefox:9339): Gtk-WARNING **: Error loading image 'file:///usr/share/themes/Breeze/assets/scrollbar-slider-vertical-backdrop.png': Error opening file: No such file or directory
[Parent 9235, Gecko_IOThread] WARNING: pipe error (77): Connection reset by peer: file /build/firefox-LU5y1Q/firefox-65.0+linuxmint1+sylvia/ipc/chromium/src/chrome/common/ipc_channel_posix.cc, line 349
1569287005263	Marionette	INFO	Stopped listening on port 38627
1569289014068	mozrunner::runner	INFO	Running command: "/usr/bin/firefox" "-marionette" "-foreground" "-no-remote" "-profile" "/tmp/rust_mozprofileTBIPb3"
1569289015315	addons.webextension.screenshots@mozilla.org	WARN	Loading extension 'screenshots@mozilla.org': Reading manifest: Invalid host permission: resource://pdf.js/
1569289015316	addons.webextension.screenshots@mozilla.org	WARN	Loading extension 'screenshots@mozilla.org': Reading manifest: Invalid host permission: about:reader*

(firefox:11507): Gtk-WARNING **: Theme parsing error: <data>:1:34: Expected ')' in color definition

(firefox:11507): Gtk-WARNING **: Theme parsing error: <data>:1:77: Expected ')' in color definition
1569289018773	Marionette	INFO	Listening on port 39779
1569289018865	Marionette	WARN	TLS certificate errors will be ignored for this session

(/usr/lib/firefox/firefox:11611): Gtk-WARNING **: Error loading image 'file:///usr/share/themes/Breeze/assets/scrollbar-trough-vertical-backdrop.png': Error opening file: No such file or directory

(/usr/lib/firefox/firefox:11611): Gtk-WARNING **: Error loading image 'file:///usr/share/themes/Breeze/assets/scrollbar-slider-vertical-backdrop.png': Error opening file: No such file or directory
[Parent 11507, Gecko_IOThread] WARNING: pipe error (69): Connection reset by peer: file /build/firefox-LU5y1Q/firefox-65.0+linuxmint1+sylvia/ipc/chromium/src/chrome/common/ipc_channel_posix.cc, line 349
1569289037667	Marionette	INFO	Stopped listening on port 39779
1569289327923	mozrunner::runner	INFO	Running command: "/usr/bin/firefox" "-marionette" "-foreground" "-no-remote" "-profile" "/tmp/rust_mozprofileh0XKzh"
1569289328840	addons.webextension.screenshots@mozilla.org	WARN	Loading extension 'screenshots@mozilla.org': Reading manifest: Invalid host permission: resource://pdf.js/
1569289328840	addons.webextension.screenshots@mozilla.org	WARN	Loading extension 'screenshots@mozilla.org': Reading manifest: Invalid host permission: about:reader*

(firefox:11993): Gtk-WARNING **: Theme parsing error: <data>:1:34: Expected ')' in color definition

(firefox:11993): Gtk-WARNING **: Theme parsing error: <data>:1:77: Expected ')' in color definition
1569289332329	Marionette	INFO	Listening on port 44851
1569289332351	Marionette	WARN	TLS certificate errors will be ignored for this session
console.error: BroadcastService: 
  receivedBroadcastMessage: handler for
  remote-settings/monitor_changes
  threw error:
  Message: Error: Polling for changes failed: NetworkError when attempting to fetch resource..
  Stack:
    remoteSettingsFunction/remoteSettings.pollChanges@resource://services-settings/remote-settings.js:188:13


(/usr/lib/firefox/firefox:12161): Gtk-WARNING **: Error loading image 'file:///usr/share/themes/Breeze/assets/scrollbar-trough-vertical-backdrop.png': Error opening file: No such file or directory

(/usr/lib/firefox/firefox:12161): Gtk-WARNING **: Error loading image 'file:///usr/share/themes/Breeze/assets/scrollbar-slider-vertical-backdrop.png': Error opening file: No such file or directory
[Parent 11993, Gecko_IOThread] WARNING: pipe error (119): Connection reset by peer: file /build/firefox-LU5y1Q/firefox-65.0+linuxmint1+sylvia/ipc/chromium/src/chrome/common/ipc_channel_posix.cc, line 349
1569289404475	Marionette	INFO	Stopped listening on port 44851
1569289416732	mozrunner::runner	INFO	Running command: "/usr/bin/firefox" "-marionette" "-foreground" "-no-remote" "-profile" "/tmp/rust_mozprofileSeqtmQ"
1569289417363	addons.webextension.screenshots@mozilla.org	WARN	Loading extension 'screenshots@mozilla.org': Reading manifest: Invalid host permission: resource://pdf.js/
1569289417364	addons.webextension.screenshots@mozilla.org	WARN	Loading extension 'screenshots@mozilla.org': Reading manifest: Invalid host permission: about:reader*

(firefox:12330): Gtk-WARNING **: Theme parsing error: <data>:1:34: Expected ')' in color definition

(firefox:12330): Gtk-WARNING **: Theme parsing error: <data>:1:77: Expected ')' in color definition
1569289421879	Marionette	INFO	Listening on port 36993
1569289421978	Marionette	WARN	TLS certificate errors will be ignored for this session

(/usr/lib/firefox/firefox:12439): Gtk-WARNING **: Error loading image 'file:///usr/share/themes/Breeze/assets/scrollbar-trough-vertical-backdrop.png': Error opening file: No such file or directory

(/usr/lib/firefox/firefox:12439): Gtk-WARNING **: Error loading image 'file:///usr/share/themes/Breeze/assets/scrollbar-slider-vertical-backdrop.png': Error opening file: No such file or directory
[Parent 12330, Gecko_IOThread] WARNING: pipe error (69): Connection reset by peer: file /build/firefox-LU5y1Q/firefox-65.0+linuxmint1+sylvia/ipc/chromium/src/chrome/common/ipc_channel_posix.cc, line 349
1569289451588	Marionette	INFO	Stopped listening on port 36993
1569289454542	mozrunner::runner	INFO	Running command: "/usr/bin/firefox" "-marionette" "-foreground" "-no-remote" "-profile" "/tmp/rust_mozprofileQkOT1C"
1569289455145	addons.webextension.screenshots@mozilla.org	WARN	Loading extension 'screenshots@mozilla.org': Reading manifest: Invalid host permission: resource://pdf.js/
1569289455146	addons.webextension.screenshots@mozilla.org	WARN	Loading extension 'screenshots@mozilla.org': Reading manifest: Invalid host permission: about:reader*

(firefox:12581): Gtk-WARNING **: Theme parsing error: <data>:1:34: Expected ')' in color definition

(firefox:12581): Gtk-WARNING **: Theme parsing error: <data>:1:77: Expected ')' in color definition
1569289458787	Marionette	INFO	Listening on port 34579
1569289458857	Marionette	WARN	TLS certificate errors will be ignored for this session

(/usr/lib/firefox/firefox:12688): Gtk-WARNING **: Error loading image 'file:///usr/share/themes/Breeze/assets/scrollbar-trough-vertical-backdrop.png': Error opening file: No such file or directory

(/usr/lib/firefox/firefox:12688): Gtk-WARNING **: Error loading image 'file:///usr/share/themes/Breeze/assets/scrollbar-slider-vertical-backdrop.png': Error opening file: No such file or directory
[Parent 12581, Gecko_IOThread] WARNING: pipe error (69): Connection reset by peer: file /build/firefox-LU5y1Q/firefox-65.0+linuxmint1+sylvia/ipc/chromium/src/chrome/common/ipc_channel_posix.cc, line 349
1569289507141	Marionette	INFO	Stopped listening on port 34579
1569290305553	mozrunner::runner	INFO	Running command: "/usr/bin/firefox" "-marionette" "-foreground" "-no-remote" "-profile" "/tmp/rust_mozprofilex52cEB"
1569290306199	addons.webextension.screenshots@mozilla.org	WARN	Loading extension 'screenshots@mozilla.org': Reading manifest: Invalid host permission: resource://pdf.js/
1569290306199	addons.webextension.screenshots@mozilla.org	WARN	Loading extension 'screenshots@mozilla.org': Reading manifest: Invalid host permission: about:reader*

(firefox:13257): Gtk-WARNING **: Theme parsing error: <data>:1:34: Expected ')' in color definition

(firefox:13257): Gtk-WARNING **: Theme parsing error: <data>:1:77: Expected ')' in color definition
1569290310035	Marionette	INFO	Listening on port 38639
1569290310071	Marionette	WARN	TLS certificate errors will be ignored for this session
console.error: BroadcastService: 
  receivedBroadcastMessage: handler for
  remote-settings/monitor_changes
  threw error:
  Message: Error: Polling for changes failed: NetworkError when attempting to fetch resource..
  Stack:
    remoteSettingsFunction/remoteSettings.pollChanges@resource://services-settings/remote-settings.js:188:13


(/usr/lib/firefox/firefox:13364): Gtk-WARNING **: Error loading image 'file:///usr/share/themes/Breeze/assets/scrollbar-trough-vertical-backdrop.png': Error opening file: No such file or directory

(/usr/lib/firefox/firefox:13364): Gtk-WARNING **: Error loading image 'file:///usr/share/themes/Breeze/assets/scrollbar-slider-vertical-backdrop.png': Error opening file: No such file or directory
1569290355490	Marionette	INFO	Stopped listening on port 38639
1569290413494	mozrunner::runner	INFO	Running command: "/usr/bin/firefox" "-marionette" "-foreground" "-no-remote" "-profile" "/tmp/rust_mozprofileGkuE2r"
1569290414115	addons.webextension.screenshots@mozilla.org	WARN	Loading extension 'screenshots@mozilla.org': Reading manifest: Invalid host permission: resource://pdf.js/
1569290414115	addons.webextension.screenshots@mozilla.org	WARN	Loading extension 'screenshots@mozilla.org': Reading manifest: Invalid host permission: about:reader*

(firefox:13554): Gtk-WARNING **: Theme parsing error: <data>:1:34: Expected ')' in color definition

(firefox:13554): Gtk-WARNING **: Theme parsing error: <data>:1:77: Expected ')' in color definition
1569290417475	Marionette	INFO	Listening on port 37103
1569290417571	Marionette	WARN	TLS certificate errors will be ignored for this session
console.error: BroadcastService: 
  receivedBroadcastMessage: handler for
  remote-settings/monitor_changes
  threw error:
  Message: Error: Polling for changes failed: NetworkError when attempting to fetch resource..
  Stack:
    remoteSettingsFunction/remoteSettings.pollChanges@resource://services-settings/remote-settings.js:188:13

Exiting due to channel error.
Exiting due to channel error.
[GFX1-]: Receive IPC close with reason=AbnormalShutdown
[Child 13643, Chrome_ChildThread] WARNING: pipe error (3): Connection reset by peer: file /build/firefox-LU5y1Q/firefox-65.0+linuxmint1+sylvia/ipc/chromium/src/chrome/common/ipc_channel_posix.cc, line 349
Exiting due to channel error.
1569290535946	mozrunner::runner	INFO	Running command: "/usr/bin/firefox" "-marionette" "-foreground" "-no-remote" "-profile" "/tmp/rust_mozprofileZOcmzO"
1569290536653	addons.webextension.screenshots@mozilla.org	WARN	Loading extension 'screenshots@mozilla.org': Reading manifest: Invalid host permission: resource://pdf.js/
1569290536653	addons.webextension.screenshots@mozilla.org	WARN	Loading extension 'screenshots@mozilla.org': Reading manifest: Invalid host permission: about:reader*

(firefox:13871): Gtk-WARNING **: Theme parsing error: <data>:1:34: Expected ')' in color definition

(firefox:13871): Gtk-WARNING **: Theme parsing error: <data>:1:77: Expected ')' in color definition
1569290540556	Marionette	INFO	Listening on port 38547
1569290540691	Marionette	WARN	TLS certificate errors will be ignored for this session
1569290581972	mozrunner::runner	INFO	Running command: "/usr/bin/firefox" "-marionette" "-foreground" "-no-remote" "-profile" "/tmp/rust_mozprofile57hRUt"
1569290582751	addons.webextension.screenshots@mozilla.org	WARN	Loading extension 'screenshots@mozilla.org': Reading manifest: Invalid host permission: resource://pdf.js/
1569290582752	addons.webextension.screenshots@mozilla.org	WARN	Loading extension 'screenshots@mozilla.org': Reading manifest: Invalid host permission: about:reader*

(/usr/lib/firefox/firefox:13977): Gtk-WARNING **: Error loading image 'file:///usr/share/themes/Breeze/assets/scrollbar-trough-vertical-backdrop.png': Error opening file: No such file or directory

(/usr/lib/firefox/firefox:13977): Gtk-WARNING **: Error loading image 'file:///usr/share/themes/Breeze/assets/scrollbar-slider-vertical-backdrop.png': Error opening file: No such file or directory
[Parent 13871, Gecko_IOThread] WARNING: pipe error (69): Connection reset by peer: file /build/firefox-LU5y1Q/firefox-65.0+linuxmint1+sylvia/ipc/chromium/src/chrome/common/ipc_channel_posix.cc, line 349
IPDL protocol error: Handler returned error code!

###!!! [Parent][DispatchAsyncMessage] Error: PLayerTransaction::Msg_ReleaseLayer Processing error: message was deserialized, but the handler returned false (indicating failure)


(firefox:14129): Gtk-WARNING **: Theme parsing error: <data>:1:34: Expected ')' in color definition

(firefox:14129): Gtk-WARNING **: Theme parsing error: <data>:1:77: Expected ')' in color definition
1569290583947	Marionette	INFO	Stopped listening on port 38547
1569290587505	Marionette	INFO	Listening on port 37679
1569290587604	Marionette	WARN	TLS certificate errors will be ignored for this session
1569290682334	Marionette	INFO	Stopped listening on port 37679
1569290907945	mozrunner::runner	INFO	Running command: "/usr/bin/firefox" "-marionette" "-foreground" "-no-remote" "-profile" "/tmp/rust_mozprofileHakjr2"
1569290908564	addons.webextension.screenshots@mozilla.org	WARN	Loading extension 'screenshots@mozilla.org': Reading manifest: Invalid host permission: resource://pdf.js/
1569290908565	addons.webextension.screenshots@mozilla.org	WARN	Loading extension 'screenshots@mozilla.org': Reading manifest: Invalid host permission: about:reader*

(firefox:14586): Gtk-WARNING **: Theme parsing error: <data>:1:34: Expected ')' in color definition

(firefox:14586): Gtk-WARNING **: Theme parsing error: <data>:1:77: Expected ')' in color definition
1569290911939	Marionette	INFO	Listening on port 39067
1569290912041	Marionette	WARN	TLS certificate errors will be ignored for this session

(/usr/lib/firefox/firefox:14689): Gtk-WARNING **: Error loading image 'file:///usr/share/themes/Breeze/assets/scrollbar-trough-vertical-backdrop.png': Error opening file: No such file or directory

(/usr/lib/firefox/firefox:14689): Gtk-WARNING **: Error loading image 'file:///usr/share/themes/Breeze/assets/scrollbar-slider-vertical-backdrop.png': Error opening file: No such file or directory
IPDL protocol error: Handler returned error code!

###!!! [Parent][DispatchAsyncMessage] Error: PLayerTransaction::Msg_ReleaseLayer Processing error: message was deserialized, but the handler returned false (indicating failure)


###!!! [Child][RunMessage] Error: Channel closing: too late to send/recv, messages will be lost

[Parent 14586, Gecko_IOThread] WARNING: pipe error (69): Connection reset by peer: file /build/firefox-LU5y1Q/firefox-65.0+linuxmint1+sylvia/ipc/chromium/src/chrome/common/ipc_channel_posix.cc, line 349
1569290984580	Marionette	INFO	Stopped listening on port 39067
1569291117762	mozrunner::runner	INFO	Running command: "/usr/bin/firefox" "-marionette" "-foreground" "-no-remote" "-profile" "/tmp/rust_mozprofileVGUqT5"
1569291118365	addons.webextension.screenshots@mozilla.org	WARN	Loading extension 'screenshots@mozilla.org': Reading manifest: Invalid host permission: resource://pdf.js/
1569291118365	addons.webextension.screenshots@mozilla.org	WARN	Loading extension 'screenshots@mozilla.org': Reading manifest: Invalid host permission: about:reader*

(firefox:14965): Gtk-WARNING **: Theme parsing error: <data>:1:34: Expected ')' in color definition

(firefox:14965): Gtk-WARNING **: Theme parsing error: <data>:1:77: Expected ')' in color definition
1569291122183	Marionette	INFO	Listening on port 36235
1569291122280	Marionette	WARN	TLS certificate errors will be ignored for this session

(/usr/lib/firefox/firefox:15117): Gtk-WARNING **: Error loading image 'file:///usr/share/themes/Breeze/assets/scrollbar-trough-vertical-backdrop.png': Error opening file: No such file or directory

(/usr/lib/firefox/firefox:15117): Gtk-WARNING **: Error loading image 'file:///usr/share/themes/Breeze/assets/scrollbar-slider-vertical-backdrop.png': Error opening file: No such file or directory
JavaScript error: resource://gre/modules/WebProgressChild.jsm, line 58: TypeError: this.mm.content is null
[Parent 14965, Gecko_IOThread] WARNING: pipe error (69): Connection reset by peer: file /build/firefox-LU5y1Q/firefox-65.0+linuxmint1+sylvia/ipc/chromium/src/chrome/common/ipc_channel_posix.cc, line 349
1569291184500	Marionette	INFO	Stopped listening on port 36235
1569291291414	mozrunner::runner	INFO	Running command: "/usr/bin/firefox" "-marionette" "-foreground" "-no-remote" "-profile" "/tmp/rust_mozprofilekxg5xT"
1569291292017	addons.webextension.screenshots@mozilla.org	WARN	Loading extension 'screenshots@mozilla.org': Reading manifest: Invalid host permission: resource://pdf.js/
1569291292017	addons.webextension.screenshots@mozilla.org	WARN	Loading extension 'screenshots@mozilla.org': Reading manifest: Invalid host permission: about:reader*

(firefox:15334): Gtk-WARNING **: Theme parsing error: <data>:1:34: Expected ')' in color definition

(firefox:15334): Gtk-WARNING **: Theme parsing error: <data>:1:77: Expected ')' in color definition
1569291295837	Marionette	INFO	Listening on port 33337
1569291295939	Marionette	WARN	TLS certificate errors will be ignored for this session
1569291337331	mozrunner::runner	INFO	Running command: "/usr/bin/firefox" "-marionette" "-foreground" "-no-remote" "-profile" "/tmp/rust_mozprofile7wkg9E"
1569291337976	addons.webextension.screenshots@mozilla.org	WARN	Loading extension 'screenshots@mozilla.org': Reading manifest: Invalid host permission: resource://pdf.js/
1569291337976	addons.webextension.screenshots@mozilla.org	WARN	Loading extension 'screenshots@mozilla.org': Reading manifest: Invalid host permission: about:reader*

(firefox:15580): Gtk-WARNING **: Theme parsing error: <data>:1:34: Expected ')' in color definition

(firefox:15580): Gtk-WARNING **: Theme parsing error: <data>:1:77: Expected ')' in color definition

(/usr/lib/firefox/firefox:15442): Gtk-WARNING **: Error loading image 'file:///usr/share/themes/Breeze/assets/scrollbar-trough-vertical-backdrop.png': Error opening file: No such file or directory

(/usr/lib/firefox/firefox:15442): Gtk-WARNING **: Error loading image 'file:///usr/share/themes/Breeze/assets/scrollbar-slider-vertical-backdrop.png': Error opening file: No such file or directory
[Parent 15334, Gecko_IOThread] WARNING: pipe error (69): Connection reset by peer: file /build/firefox-LU5y1Q/firefox-65.0+linuxmint1+sylvia/ipc/chromium/src/chrome/common/ipc_channel_posix.cc, line 349
1569291340390	Marionette	INFO	Stopped listening on port 33337
1569291343042	Marionette	INFO	Listening on port 39283
1569291343059	Marionette	WARN	TLS certificate errors will be ignored for this session
1569291492808	mozrunner::runner	INFO	Running command: "/usr/bin/firefox" "-marionette" "-foreground" "-no-remote" "-profile" "/tmp/rust_mozprofileioHOvt"
1569291493529	addons.webextension.screenshots@mozilla.org	WARN	Loading extension 'screenshots@mozilla.org': Reading manifest: Invalid host permission: resource://pdf.js/
1569291493530	addons.webextension.screenshots@mozilla.org	WARN	Loading extension 'screenshots@mozilla.org': Reading manifest: Invalid host permission: about:reader*

(/usr/lib/firefox/firefox:15696): Gtk-WARNING **: Error loading image 'file:///usr/share/themes/Breeze/assets/scrollbar-trough-vertical-backdrop.png': Error opening file: No such file or directory

(/usr/lib/firefox/firefox:15696): Gtk-WARNING **: Error loading image 'file:///usr/share/themes/Breeze/assets/scrollbar-slider-vertical-backdrop.png': Error opening file: No such file or directory

(firefox:15929): Gtk-WARNING **: Theme parsing error: <data>:1:34: Expected ')' in color definition

(firefox:15929): Gtk-WARNING **: Theme parsing error: <data>:1:77: Expected ')' in color definition
1569291495310	Marionette	INFO	Stopped listening on port 39283
1569291498394	Marionette	INFO	Listening on port 36205
1569291498461	Marionette	WARN	TLS certificate errors will be ignored for this session

(/usr/lib/firefox/firefox:16039): Gtk-WARNING **: Error loading image 'file:///usr/share/themes/Breeze/assets/scrollbar-trough-vertical-backdrop.png': Error opening file: No such file or directory

(/usr/lib/firefox/firefox:16039): Gtk-WARNING **: Error loading image 'file:///usr/share/themes/Breeze/assets/scrollbar-slider-vertical-backdrop.png': Error opening file: No such file or directory
1569291595549	Marionette	INFO	Stopped listening on port 36205
1569291734781	mozrunner::runner	INFO	Running command: "/usr/bin/firefox" "-marionette" "-foreground" "-no-remote" "-profile" "/tmp/rust_mozprofileyXwCGQ"
1569291735603	addons.webextension.screenshots@mozilla.org	WARN	Loading extension 'screenshots@mozilla.org': Reading manifest: Invalid host permission: resource://pdf.js/
1569291735604	addons.webextension.screenshots@mozilla.org	WARN	Loading extension 'screenshots@mozilla.org': Reading manifest: Invalid host permission: about:reader*

(firefox:16419): Gtk-WARNING **: Theme parsing error: <data>:1:34: Expected ')' in color definition

(firefox:16419): Gtk-WARNING **: Theme parsing error: <data>:1:77: Expected ')' in color definition
1569291741499	Marionette	INFO	Listening on port 37803
1569291741662	Marionette	WARN	TLS certificate errors will be ignored for this session

(/usr/lib/firefox/firefox:16529): Gtk-WARNING **: Error loading image 'file:///usr/share/themes/Breeze/assets/scrollbar-trough-vertical-backdrop.png': Error opening file: No such file or directory

(/usr/lib/firefox/firefox:16529): Gtk-WARNING **: Error loading image 'file:///usr/share/themes/Breeze/assets/scrollbar-slider-vertical-backdrop.png': Error opening file: No such file or directory
[Parent 16419, Gecko_IOThread] WARNING: pipe error (69): Connection reset by peer: file /build/firefox-LU5y1Q/firefox-65.0+linuxmint1+sylvia/ipc/chromium/src/chrome/common/ipc_channel_posix.cc, line 349
IPDL protocol error: Handler returned error code!

###!!! [Parent][DispatchAsyncMessage] Error: PLayerTransaction::Msg_ReleaseLayer Processing error: message was deserialized, but the handler returned false (indicating failure)

1569292010680	Marionette	INFO	Stopped listening on port 37803
1569292089006	mozrunner::runner	INFO	Running command: "/usr/bin/firefox" "-marionette" "-foreground" "-no-remote" "-profile" "/tmp/rust_mozprofileAuqrWx"
1569292089600	addons.webextension.screenshots@mozilla.org	WARN	Loading extension 'screenshots@mozilla.org': Reading manifest: Invalid host permission: resource://pdf.js/
1569292089600	addons.webextension.screenshots@mozilla.org	WARN	Loading extension 'screenshots@mozilla.org': Reading manifest: Invalid host permission: about:reader*

(firefox:16841): Gtk-WARNING **: Theme parsing error: <data>:1:34: Expected ')' in color definition

(firefox:16841): Gtk-WARNING **: Theme parsing error: <data>:1:77: Expected ')' in color definition
1569292092942	Marionette	INFO	Listening on port 41417
1569292093032	Marionette	WARN	TLS certificate errors will be ignored for this session
1569292141681	mozrunner::runner	INFO	Running command: "/usr/bin/firefox" "-marionette" "-foreground" "-no-remote" "-profile" "/tmp/rust_mozprofileAlqbK2"
1569292142375	addons.webextension.screenshots@mozilla.org	WARN	Loading extension 'screenshots@mozilla.org': Reading manifest: Invalid host permission: resource://pdf.js/
1569292142375	addons.webextension.screenshots@mozilla.org	WARN	Loading extension 'screenshots@mozilla.org': Reading manifest: Invalid host permission: about:reader*

(firefox:17129): Gtk-WARNING **: Theme parsing error: <data>:1:34: Expected ')' in color definition

(firefox:17129): Gtk-WARNING **: Theme parsing error: <data>:1:77: Expected ')' in color definition

(/usr/lib/firefox/firefox:16946): Gtk-WARNING **: Error loading image 'file:///usr/share/themes/Breeze/assets/scrollbar-trough-vertical-backdrop.png': Error opening file: No such file or directory

(/usr/lib/firefox/firefox:16946): Gtk-WARNING **: Error loading image 'file:///usr/share/themes/Breeze/assets/scrollbar-slider-vertical-backdrop.png': Error opening file: No such file or directory
[Parent 16841, Gecko_IOThread] WARNING: pipe error (80): Connection reset by peer: file /build/firefox-LU5y1Q/firefox-65.0+linuxmint1+sylvia/ipc/chromium/src/chrome/common/ipc_channel_posix.cc, line 349
1569292144740	Marionette	INFO	Stopped listening on port 41417
1569292147772	Marionette	INFO	Listening on port 44913
1569292147894	Marionette	WARN	TLS certificate errors will be ignored for this session

(/usr/lib/firefox/firefox:17270): Gtk-WARNING **: Error loading image 'file:///usr/share/themes/Breeze/assets/scrollbar-trough-vertical-backdrop.png': Error opening file: No such file or directory

(/usr/lib/firefox/firefox:17270): Gtk-WARNING **: Error loading image 'file:///usr/share/themes/Breeze/assets/scrollbar-slider-vertical-backdrop.png': Error opening file: No such file or directory
[Parent 17129, Gecko_IOThread] WARNING: pipe error (69): Connection reset by peer: file /build/firefox-LU5y1Q/firefox-65.0+linuxmint1+sylvia/ipc/chromium/src/chrome/common/ipc_channel_posix.cc, line 349
1569292183016	Marionette	INFO	Stopped listening on port 44913
1569292234886	mozrunner::runner	INFO	Running command: "/usr/bin/firefox" "-marionette" "-foreground" "-no-remote" "-profile" "/tmp/rust_mozprofileM4Tn0f"
1569292235493	addons.webextension.screenshots@mozilla.org	WARN	Loading extension 'screenshots@mozilla.org': Reading manifest: Invalid host permission: resource://pdf.js/
1569292235494	addons.webextension.screenshots@mozilla.org	WARN	Loading extension 'screenshots@mozilla.org': Reading manifest: Invalid host permission: about:reader*

(firefox:17494): Gtk-WARNING **: Theme parsing error: <data>:1:34: Expected ')' in color definition

(firefox:17494): Gtk-WARNING **: Theme parsing error: <data>:1:77: Expected ')' in color definition
1569292239339	Marionette	INFO	Listening on port 38081
1569292239401	Marionette	WARN	TLS certificate errors will be ignored for this session
console.error: BroadcastService: 
  receivedBroadcastMessage: handler for
  remote-settings/monitor_changes
  threw error:
  Message: Error: Polling for changes failed: NetworkError when attempting to fetch resource..
  Stack:
    remoteSettingsFunction/remoteSettings.pollChanges@resource://services-settings/remote-settings.js:188:13

JavaScript error: https://sharethrough.adnxs.com/getuidp?callback=STRAppNexusCallback, line 1: ReferenceError: STRAppNexusCallback is not defined
JavaScript error: https://gum.criteo.com/sync?r=2&c=158&j=STRCriteoCallback&callback=STRCriteoCallback, line 1: ReferenceError: STRCriteoCallback is not defined
ATTENTION: default value of option force_s3tc_enable overridden by environment.
1569294232228	mozrunner::runner	INFO	Running command: "/usr/bin/firefox" "-marionette" "-foreground" "-no-remote" "-profile" "/tmp/rust_mozprofileqcpnCz"
1569294232904	addons.webextension.screenshots@mozilla.org	WARN	Loading extension 'screenshots@mozilla.org': Reading manifest: Invalid host permission: resource://pdf.js/
1569294232904	addons.webextension.screenshots@mozilla.org	WARN	Loading extension 'screenshots@mozilla.org': Reading manifest: Invalid host permission: about:reader*

(firefox:18550): Gtk-WARNING **: Theme parsing error: <data>:1:34: Expected ')' in color definition

(firefox:18550): Gtk-WARNING **: Theme parsing error: <data>:1:77: Expected ')' in color definition
1569294236514	Marionette	INFO	Listening on port 35487
1569294236767	Marionette	WARN	TLS certificate errors will be ignored for this session
JavaScript error: https://www.timeshighereducation.com/sites/default/files/js/js_ihPFaGxuR4hbArGNXbFWMkv3Ja3LR1X1ow3iGR8k6XA.js, line 1077: TypeError: json is null
JavaScript error: https://www.timeshighereducation.com/sites/default/files/js/js_ihPFaGxuR4hbArGNXbFWMkv3Ja3LR1X1ow3iGR8k6XA.js, line 1077: TypeError: json is null

(/usr/lib/firefox/firefox:18660): Gtk-WARNING **: Error loading image 'file:///usr/share/themes/Breeze/assets/scrollbar-trough-vertical-backdrop.png': Error opening file: No such file or directory

(/usr/lib/firefox/firefox:18660): Gtk-WARNING **: Error loading image 'file:///usr/share/themes/Breeze/assets/scrollbar-slider-vertical-backdrop.png': Error opening file: No such file or directory
[Parent 18550, Gecko_IOThread] WARNING: pipe error (77): Connection reset by peer: file /build/firefox-LU5y1Q/firefox-65.0+linuxmint1+sylvia/ipc/chromium/src/chrome/common/ipc_channel_posix.cc, line 349
1569294426846	Marionette	INFO	Stopped listening on port 35487
1569295102772	mozrunner::runner	INFO	Running command: "/usr/bin/firefox" "-marionette" "-foreground" "-no-remote" "-profile" "/tmp/rust_mozprofileZwLOqs"
1569295103656	addons.webextension.screenshots@mozilla.org	WARN	Loading extension 'screenshots@mozilla.org': Reading manifest: Invalid host permission: resource://pdf.js/
1569295103657	addons.webextension.screenshots@mozilla.org	WARN	Loading extension 'screenshots@mozilla.org': Reading manifest: Invalid host permission: about:reader*

(firefox:19238): Gtk-WARNING **: Theme parsing error: <data>:1:34: Expected ')' in color definition

(firefox:19238): Gtk-WARNING **: Theme parsing error: <data>:1:77: Expected ')' in color definition

(/usr/lib/firefox/firefox:17670): Gtk-WARNING **: Error loading image 'file:///usr/share/themes/Breeze/assets/scrollbar-trough-vertical-backdrop.png': Error opening file: No such file or directory

(/usr/lib/firefox/firefox:17613): Gtk-WARNING **: Error loading image 'file:///usr/share/themes/Breeze/assets/scrollbar-trough-vertical-backdrop.png': Error opening file: No such file or directory

(/usr/lib/firefox/firefox:17670): Gtk-WARNING **: Error loading image 'file:///usr/share/themes/Breeze/assets/scrollbar-slider-vertical-backdrop.png': Error opening file: No such file or directory

(/usr/lib/firefox/firefox:17613): Gtk-WARNING **: Error loading image 'file:///usr/share/themes/Breeze/assets/scrollbar-slider-vertical-backdrop.png': Error opening file: No such file or directory
[Child 17670, Chrome_ChildThread] WARNING: pipe error: Broken pipe: file /build/firefox-LU5y1Q/firefox-65.0+linuxmint1+sylvia/ipc/chromium/src/chrome/common/ipc_channel_posix.cc, line 718
[Child 17670, Chrome_ChildThread] WARNING: pipe error: Broken pipe: file /build/firefox-LU5y1Q/firefox-65.0+linuxmint1+sylvia/ipc/chromium/src/chrome/common/ipc_channel_posix.cc, line 718
[Child 17613, Chrome_ChildThread] WARNING: pipe error: Broken pipe: file /build/firefox-LU5y1Q/firefox-65.0+linuxmint1+sylvia/ipc/chromium/src/chrome/common/ipc_channel_posix.cc, line 718
[Child 17613, Chrome_ChildThread] WARNING: pipe error: Broken pipe: file /build/firefox-LU5y1Q/firefox-65.0+linuxmint1+sylvia/ipc/chromium/src/chrome/common/ipc_channel_posix.cc, line 718
[Child 17613, Chrome_ChildThread] WARNING: pipe error: Broken pipe: file /build/firefox-LU5y1Q/firefox-65.0+linuxmint1+sylvia/ipc/chromium/src/chrome/common/ipc_channel_posix.cc, line 718
[Child 17613, Chrome_ChildThread] WARNING: pipe error: Broken pipe: file /build/firefox-LU5y1Q/firefox-65.0+linuxmint1+sylvia/ipc/chromium/src/chrome/common/ipc_channel_posix.cc, line 718
[Child 17613, Chrome_ChildThread] WARNING: pipe error: Broken pipe: file /build/firefox-LU5y1Q/firefox-65.0+linuxmint1+sylvia/ipc/chromium/src/chrome/common/ipc_channel_posix.cc, line 718
[Child 17613, Chrome_ChildThread] WARNING: pipe error: Broken pipe: file /build/firefox-LU5y1Q/firefox-65.0+linuxmint1+sylvia/ipc/chromium/src/chrome/common/ipc_channel_posix.cc, line 718
[Parent 17494, Gecko_IOThread] WARNING: pipe error (69): Connection reset by peer: file /build/firefox-LU5y1Q/firefox-65.0+linuxmint1+sylvia/ipc/chromium/src/chrome/common/ipc_channel_posix.cc, line 349
[Parent 17494, Gecko_IOThread] WARNING: pipe error (159): Connection reset by peer: file /build/firefox-LU5y1Q/firefox-65.0+linuxmint1+sylvia/ipc/chromium/src/chrome/common/ipc_channel_posix.cc, line 349
[Parent 17494, Gecko_IOThread] WARNING: pipe error (154): Connection reset by peer: file /build/firefox-LU5y1Q/firefox-65.0+linuxmint1+sylvia/ipc/chromium/src/chrome/common/ipc_channel_posix.cc, line 349
[Parent 17494, Gecko_IOThread] WARNING: pipe error (150): Connection reset by peer: file /build/firefox-LU5y1Q/firefox-65.0+linuxmint1+sylvia/ipc/chromium/src/chrome/common/ipc_channel_posix.cc, line 349
[Parent 17494, Gecko_IOThread] WARNING: pipe error (192): Connection reset by peer: file /build/firefox-LU5y1Q/firefox-65.0+linuxmint1+sylvia/ipc/chromium/src/chrome/common/ipc_channel_posix.cc, line 349
[Parent 17494, Gecko_IOThread] WARNING: pipe error (116): Connection reset by peer: file /build/firefox-LU5y1Q/firefox-65.0+linuxmint1+sylvia/ipc/chromium/src/chrome/common/ipc_channel_posix.cc, line 349
[Parent 17494, Gecko_IOThread] WARNING: pipe error (70): Connection reset by peer: file /build/firefox-LU5y1Q/firefox-65.0+linuxmint1+sylvia/ipc/chromium/src/chrome/common/ipc_channel_posix.cc, line 349
1569295105918	Marionette	INFO	Stopped listening on port 38081
1569295107925	Marionette	INFO	Listening on port 42391
1569295107999	Marionette	WARN	TLS certificate errors will be ignored for this session
JavaScript error: https://www.timeshighereducation.com/sites/default/files/js/js_ihPFaGxuR4hbArGNXbFWMkv3Ja3LR1X1ow3iGR8k6XA.js, line 1077: TypeError: json is null
JavaScript error: https://www.timeshighereducation.com/sites/default/files/js/js_ihPFaGxuR4hbArGNXbFWMkv3Ja3LR1X1ow3iGR8k6XA.js, line 1077: TypeError: json is null
JavaScript error: https://www.timeshighereducation.com/sites/default/files/js/js_ihPFaGxuR4hbArGNXbFWMkv3Ja3LR1X1ow3iGR8k6XA.js, line 1077: TypeError: json is null

(/usr/lib/firefox/firefox:19349): Gtk-WARNING **: Error loading image 'file:///usr/share/themes/Breeze/assets/scrollbar-trough-vertical-backdrop.png': Error opening file: No such file or directory

(/usr/lib/firefox/firefox:19349): Gtk-WARNING **: Error loading image 'file:///usr/share/themes/Breeze/assets/scrollbar-slider-vertical-backdrop.png': Error opening file: No such file or directory
[Parent 19238, Gecko_IOThread] WARNING: pipe error (80): Connection reset by peer: file /build/firefox-LU5y1Q/firefox-65.0+linuxmint1+sylvia/ipc/chromium/src/chrome/common/ipc_channel_posix.cc, line 349
1569295270979	Marionette	INFO	Stopped listening on port 42391
1570031348910	mozrunner::runner	INFO	Running command: "/usr/bin/firefox" "-marionette" "-foreground" "-no-remote" "-profile" "/tmp/rust_mozprofileFkJR6i"
1570031350772	addons.webextension.screenshots@mozilla.org	WARN	Loading extension 'screenshots@mozilla.org': Reading manifest: Invalid host permission: resource://pdf.js/
1570031350773	addons.webextension.screenshots@mozilla.org	WARN	Loading extension 'screenshots@mozilla.org': Reading manifest: Invalid host permission: about:reader*

(firefox:25042): Gtk-WARNING **: Theme parsing error: <data>:1:34: Expected ')' in color definition

(firefox:25042): Gtk-WARNING **: Theme parsing error: <data>:1:77: Expected ')' in color definition
1570031354582	Marionette	INFO	Listening on port 34221
1570031354669	Marionette	WARN	TLS certificate errors will be ignored for this session
IPDL protocol error: Handler returned error code!

###!!! [Parent][DispatchAsyncMessage] Error: PLayerTransaction::Msg_ReleaseLayer Processing error: message was deserialized, but the handler returned false (indicating failure)


###!!! [Child][MessageChannel] Error: (msgtype=0x52000E,name=PHttpChannel::Msg_DeletingChannel) Channel closing: too late to send/recv, messages will be lost

1570031364651	Marionette	INFO	Stopped listening on port 34221
1570031391796	mozrunner::runner	INFO	Running command: "/usr/bin/firefox" "-marionette" "-foreground" "-no-remote" "-profile" "/tmp/rust_mozprofile6rW81P"
1570031392457	addons.webextension.screenshots@mozilla.org	WARN	Loading extension 'screenshots@mozilla.org': Reading manifest: Invalid host permission: resource://pdf.js/
1570031392457	addons.webextension.screenshots@mozilla.org	WARN	Loading extension 'screenshots@mozilla.org': Reading manifest: Invalid host permission: about:reader*

(firefox:25321): Gtk-WARNING **: Theme parsing error: <data>:1:34: Expected ')' in color definition

(firefox:25321): Gtk-WARNING **: Theme parsing error: <data>:1:77: Expected ')' in color definition
1570031396158	Marionette	INFO	Listening on port 34831
1570031396212	Marionette	WARN	TLS certificate errors will be ignored for this session

(/usr/lib/firefox/firefox:25428): Gtk-WARNING **: Error loading image 'file:///usr/share/themes/Breeze/assets/scrollbar-trough-horizontal-backdrop.png': Error opening file: No such file or directory

(/usr/lib/firefox/firefox:25428): Gtk-WARNING **: Error loading image 'file:///usr/share/themes/Breeze/assets/scrollbar-slider-horizontal-backdrop.png': Error opening file: No such file or directory

(/usr/lib/firefox/firefox:25428): Gtk-WARNING **: Error loading image 'file:///usr/share/themes/Breeze/assets/scrollbar-trough-vertical-backdrop.png': Error opening file: No such file or directory

(/usr/lib/firefox/firefox:25428): Gtk-WARNING **: Error loading image 'file:///usr/share/themes/Breeze/assets/scrollbar-slider-vertical-backdrop.png': Error opening file: No such file or directory
1570032117545	Marionette	INFO	Stopped listening on port 34831
1570307919187	mozrunner::runner	INFO	Running command: "/usr/bin/firefox" "-marionette" "-foreground" "-no-remote" "-profile" "/tmp/rust_mozprofileAQH36h"
1570307922252	addons.webextension.screenshots@mozilla.org	WARN	Loading extension 'screenshots@mozilla.org': Reading manifest: Invalid host permission: resource://pdf.js/
1570307922252	addons.webextension.screenshots@mozilla.org	WARN	Loading extension 'screenshots@mozilla.org': Reading manifest: Invalid host permission: about:reader*

(firefox:26662): Gtk-WARNING **: Theme parsing error: <data>:1:34: Expected ')' in color definition

(firefox:26662): Gtk-WARNING **: Theme parsing error: <data>:1:77: Expected ')' in color definition
1570307930871	Marionette	INFO	Listening on port 43237
1570307931026	Marionette	WARN	TLS certificate errors will be ignored for this session
console.error: BroadcastService: 
  receivedBroadcastMessage: handler for
  remote-settings/monitor_changes
  threw error:
  Message: Error: Polling for changes failed: NetworkError when attempting to fetch resource..
  Stack:
    remoteSettingsFunction/remoteSettings.pollChanges@resource://services-settings/remote-settings.js:188:13

1570308065038	mozrunner::runner	INFO	Running command: "/usr/bin/firefox" "-marionette" "-foreground" "-no-remote" "-profile" "/tmp/rust_mozprofilehNC668"
1570308065648	addons.webextension.screenshots@mozilla.org	WARN	Loading extension 'screenshots@mozilla.org': Reading manifest: Invalid host permission: resource://pdf.js/
1570308065648	addons.webextension.screenshots@mozilla.org	WARN	Loading extension 'screenshots@mozilla.org': Reading manifest: Invalid host permission: about:reader*

(firefox:27079): Gtk-WARNING **: Theme parsing error: <data>:1:34: Expected ')' in color definition

(firefox:27079): Gtk-WARNING **: Theme parsing error: <data>:1:77: Expected ')' in color definition
1570308069131	Marionette	INFO	Listening on port 37207
1570308069221	Marionette	WARN	TLS certificate errors will be ignored for this session

(/usr/lib/firefox/firefox:26837): Gtk-WARNING **: Error loading image 'file:///usr/share/themes/Breeze/assets/scrollbar-trough-vertical-backdrop.png': Error opening file: No such file or directory

(/usr/lib/firefox/firefox:26837): Gtk-WARNING **: Error loading image 'file:///usr/share/themes/Breeze/assets/scrollbar-slider-vertical-backdrop.png': Error opening file: No such file or directory
IPDL protocol error: Handler returned error code!

###!!! [Parent][DispatchAsyncMessage] Error: PLayerTransaction::Msg_ReleaseLayer Processing error: message was deserialized, but the handler returned false (indicating failure)

IPDL protocol error: Handler returned error code!

###!!! [Parent][DispatchAsyncMessage] Error: PLayerTransaction::Msg_ReleaseLayer Processing error: message was deserialized, but the handler returned false (indicating failure)

IPDL protocol error: Handler returned error code!

###!!! [Parent][DispatchAsyncMessage] Error: PLayerTransaction::Msg_ReleaseLayer Processing error: message was deserialized, but the handler returned false (indicating failure)

IPDL protocol error: Handler returned error code!

###!!! [Parent][DispatchAsyncMessage] Error: PLayerTransaction::Msg_ReleaseLayer Processing error: message was deserialized, but the handler returned false (indicating failure)

IPDL protocol error: Handler returned error code!

###!!! [Parent][DispatchAsyncMessage] Error: PLayerTransaction::Msg_ReleaseLayer Processing error: message was deserialized, but the handler returned false (indicating failure)

IPDL protocol error: Handler returned error code!

###!!! [Parent][DispatchAsyncMessage] Error: PLayerTransaction::Msg_ReleaseLayer Processing error: message was deserialized, but the handler returned false (indicating failure)

IPDL protocol error: Handler returned error code!

###!!! [Parent][DispatchAsyncMessage] Error: PLayerTransaction::Msg_ReleaseLayer Processing error: message was deserialized, but the handler returned false (indicating failure)

IPDL protocol error: Handler returned error code!

###!!! [Parent][DispatchAsyncMessage] Error: PLayerTransaction::Msg_ReleaseLayer Processing error: message was deserialized, but the handler returned false (indicating failure)

IPDL protocol error: Handler returned error code!

###!!! [Parent][DispatchAsyncMessage] Error: PLayerTransaction::Msg_ReleaseLayer Processing error: message was deserialized, but the handler returned false (indicating failure)

IPDL protocol error: Handler returned error code!

###!!! [Parent][DispatchAsyncMessage] Error: PLayerTransaction::Msg_ReleaseLayer Processing error: message was deserialized, but the handler returned false (indicating failure)

IPDL protocol error: Handler returned error code!

###!!! [Parent][DispatchAsyncMessage] Error: PLayerTransaction::Msg_ReleaseLayer Processing error: message was deserialized, but the handler returned false (indicating failure)

IPDL protocol error: Handler returned error code!

###!!! [Parent][DispatchAsyncMessage] Error: PLayerTransaction::Msg_ReleaseLayer Processing error: message was deserialized, but the handler returned false (indicating failure)

1570308076786	Marionette	INFO	Stopped listening on port 43237

###!!! [Child][RunMessage] Error: Channel closing: too late to send/recv, messages will be lost


###!!! [Child][RunMessage] Error: Channel closing: too late to send/recv, messages will be lost


###!!! [Child][RunMessage] Error: Channel closing: too late to send/recv, messages will be lost

1570308148646	Marionette	INFO	Stopped listening on port 37207
1570308157450	mozrunner::runner	INFO	Running command: "/usr/bin/firefox" "-marionette" "-foreground" "-no-remote" "-profile" "/tmp/rust_mozprofileeVbdYD"
1570308158698	addons.webextension.screenshots@mozilla.org	WARN	Loading extension 'screenshots@mozilla.org': Reading manifest: Invalid host permission: resource://pdf.js/
1570308158699	addons.webextension.screenshots@mozilla.org	WARN	Loading extension 'screenshots@mozilla.org': Reading manifest: Invalid host permission: about:reader*

(firefox:27425): Gtk-WARNING **: Theme parsing error: <data>:1:34: Expected ')' in color definition

(firefox:27425): Gtk-WARNING **: Theme parsing error: <data>:1:77: Expected ')' in color definition
1570308163496	Marionette	INFO	Listening on port 33719
1570308163596	Marionette	WARN	TLS certificate errors will be ignored for this session

(/usr/lib/firefox/firefox:27542): Gtk-WARNING **: Error loading image 'file:///usr/share/themes/Breeze/assets/scrollbar-trough-vertical-backdrop.png': Error opening file: No such file or directory

(/usr/lib/firefox/firefox:27542): Gtk-WARNING **: Error loading image 'file:///usr/share/themes/Breeze/assets/scrollbar-slider-vertical-backdrop.png': Error opening file: No such file or directory
IPDL protocol error: Handler returned error code!

###!!! [Parent][DispatchAsyncMessage] Error: PLayerTransaction::Msg_ReleaseLayer Processing error: message was deserialized, but the handler returned false (indicating failure)

IPDL protocol error: Handler returned error code!

###!!! [Parent][DispatchAsyncMessage] Error: PLayerTransaction::Msg_ReleaseLayer Processing error: message was deserialized, but the handler returned false (indicating failure)

IPDL protocol error: Handler returned error code!

###!!! [Parent][DispatchAsyncMessage] Error: PLayerTransaction::Msg_ReleaseLayer Processing error: message was deserialized, but the handler returned false (indicating failure)

IPDL protocol error: Handler returned error code!

###!!! [Parent][DispatchAsyncMessage] Error: PLayerTransaction::Msg_ReleaseLayer Processing error: message was deserialized, but the handler returned false (indicating failure)

IPDL protocol error: Handler returned error code!

###!!! [Parent][DispatchAsyncMessage] Error: PLayerTransaction::Msg_ReleaseLayer Processing error: message was deserialized, but the handler returned false (indicating failure)

IPDL protocol error: Handler returned error code!

###!!! [Parent][DispatchAsyncMessage] Error: PLayerTransaction::Msg_ReleaseLayer Processing error: message was deserialized, but the handler returned false (indicating failure)

IPDL protocol error: Handler returned error code!

###!!! [Parent][DispatchAsyncMessage] Error: PLayerTransaction::Msg_ReleaseLayer Processing error: message was deserialized, but the handler returned false (indicating failure)

IPDL protocol error: Handler returned error code!

###!!! [Parent][DispatchAsyncMessage] Error: PLayerTransaction::Msg_ReleaseLayer Processing error: message was deserialized, but the handler returned false (indicating failure)

IPDL protocol error: Handler returned error code!

###!!! [Parent][DispatchAsyncMessage] Error: PLayerTransaction::Msg_ReleaseLayer Processing error: message was deserialized, but the handler returned false (indicating failure)

IPDL protocol error: Handler returned error code!

###!!! [Parent][DispatchAsyncMessage] Error: PLayerTransaction::Msg_ReleaseLayer Processing error: message was deserialized, but the handler returned false (indicating failure)

IPDL protocol error: Handler returned error code!

###!!! [Parent][DispatchAsyncMessage] Error: PLayerTransaction::Msg_ReleaseLayer Processing error: message was deserialized, but the handler returned false (indicating failure)

IPDL protocol error: Handler returned error code!

###!!! [Parent][DispatchAsyncMessage] Error: PLayerTransaction::Msg_ReleaseLayer Processing error: message was deserialized, but the handler returned false (indicating failure)

[Parent 27425, Gecko_IOThread] WARNING: pipe error (77): Connection reset by peer: file /build/firefox-LU5y1Q/firefox-65.0+linuxmint1+sylvia/ipc/chromium/src/chrome/common/ipc_channel_posix.cc, line 349
1570308243978	Marionette	INFO	Stopped listening on port 33719
1570308282085	mozrunner::runner	INFO	Running command: "/usr/bin/firefox" "-marionette" "-foreground" "-no-remote" "-profile" "/tmp/rust_mozprofileMGSvYj"
1570308282737	addons.webextension.screenshots@mozilla.org	WARN	Loading extension 'screenshots@mozilla.org': Reading manifest: Invalid host permission: resource://pdf.js/
1570308282737	addons.webextension.screenshots@mozilla.org	WARN	Loading extension 'screenshots@mozilla.org': Reading manifest: Invalid host permission: about:reader*

(firefox:27750): Gtk-WARNING **: Theme parsing error: <data>:1:34: Expected ')' in color definition

(firefox:27750): Gtk-WARNING **: Theme parsing error: <data>:1:77: Expected ')' in color definition
1570308287418	Marionette	INFO	Listening on port 35151
1570308287519	Marionette	WARN	TLS certificate errors will be ignored for this session
1570308669471	mozrunner::runner	INFO	Running command: "/usr/bin/firefox" "-marionette" "-foreground" "-no-remote" "-profile" "/tmp/rust_mozprofile9MKdl1"
1570308670237	addons.webextension.screenshots@mozilla.org	WARN	Loading extension 'screenshots@mozilla.org': Reading manifest: Invalid host permission: resource://pdf.js/
1570308670237	addons.webextension.screenshots@mozilla.org	WARN	Loading extension 'screenshots@mozilla.org': Reading manifest: Invalid host permission: about:reader*

(/usr/lib/firefox/firefox:27856): Gtk-WARNING **: Error loading image 'file:///usr/share/themes/Breeze/assets/scrollbar-trough-vertical-backdrop.png': Error opening file: No such file or directory

(/usr/lib/firefox/firefox:27856): Gtk-WARNING **: Error loading image 'file:///usr/share/themes/Breeze/assets/scrollbar-slider-vertical-backdrop.png': Error opening file: No such file or directory
[Parent 27750, Gecko_IOThread] WARNING: pipe error (80): Connection reset by peer: file /build/firefox-LU5y1Q/firefox-65.0+linuxmint1+sylvia/ipc/chromium/src/chrome/common/ipc_channel_posix.cc, line 349
1570308671514	Marionette	INFO	Stopped listening on port 35151

(firefox:28889): Gtk-WARNING **: Theme parsing error: <data>:1:34: Expected ')' in color definition

(firefox:28889): Gtk-WARNING **: Theme parsing error: <data>:1:77: Expected ')' in color definition
1570308674590	Marionette	INFO	Listening on port 34677
1570308674690	Marionette	WARN	TLS certificate errors will be ignored for this session
1570309300809	mozrunner::runner	INFO	Running command: "/usr/bin/firefox" "-marionette" "-foreground" "-no-remote" "-profile" "/tmp/rust_mozprofile2JPapr"
1570309302116	addons.webextension.screenshots@mozilla.org	WARN	Loading extension 'screenshots@mozilla.org': Reading manifest: Invalid host permission: resource://pdf.js/
1570309302117	addons.webextension.screenshots@mozilla.org	WARN	Loading extension 'screenshots@mozilla.org': Reading manifest: Invalid host permission: about:reader*

(firefox:29510): Gtk-WARNING **: Theme parsing error: <data>:1:34: Expected ')' in color definition

(firefox:29510): Gtk-WARNING **: Theme parsing error: <data>:1:77: Expected ')' in color definition
1570309308511	Marionette	INFO	Listening on port 44847
1570309308551	Marionette	WARN	TLS certificate errors will be ignored for this session
1570309345387	mozrunner::runner	INFO	Running command: "/usr/bin/firefox" "-marionette" "-foreground" "-no-remote" "-profile" "/tmp/rust_mozprofileXX79E4"
1570309346020	addons.webextension.screenshots@mozilla.org	WARN	Loading extension 'screenshots@mozilla.org': Reading manifest: Invalid host permission: resource://pdf.js/
1570309346020	addons.webextension.screenshots@mozilla.org	WARN	Loading extension 'screenshots@mozilla.org': Reading manifest: Invalid host permission: about:reader*

(firefox:29726): Gtk-WARNING **: Theme parsing error: <data>:1:34: Expected ')' in color definition

(firefox:29726): Gtk-WARNING **: Theme parsing error: <data>:1:77: Expected ')' in color definition
1570309349913	Marionette	INFO	Listening on port 38021
1570309350011	Marionette	WARN	TLS certificate errors will be ignored for this session

(/usr/lib/firefox/firefox:29602): Gtk-WARNING **: Error loading image 'file:///usr/share/themes/Breeze/assets/scrollbar-trough-vertical-backdrop.png': Error opening file: No such file or directory

(/usr/lib/firefox/firefox:29602): Gtk-WARNING **: Error loading image 'file:///usr/share/themes/Breeze/assets/scrollbar-slider-vertical-backdrop.png': Error opening file: No such file or directory
[Parent 29510, Gecko_IOThread] WARNING: pipe error (69): Connection reset by peer: file /build/firefox-LU5y1Q/firefox-65.0+linuxmint1+sylvia/ipc/chromium/src/chrome/common/ipc_channel_posix.cc, line 349
[Parent 29510, Gecko_IOThread] WARNING: pipe error (70): Connection reset by peer: file /build/firefox-LU5y1Q/firefox-65.0+linuxmint1+sylvia/ipc/chromium/src/chrome/common/ipc_channel_posix.cc, line 349
1570309353946	Marionette	INFO	Stopped listening on port 44847

(/usr/lib/firefox/firefox:29017): Gtk-WARNING **: Error loading image 'file:///usr/share/themes/Breeze/assets/scrollbar-trough-vertical-backdrop.png': Error opening file: No such file or directory

(/usr/lib/firefox/firefox:29017): Gtk-WARNING **: Error loading image 'file:///usr/share/themes/Breeze/assets/scrollbar-slider-vertical-backdrop.png': Error opening file: No such file or directory
[Child 29233, Chrome_ChildThread] WARNING: pipe error: Broken pipe: file /build/firefox-LU5y1Q/firefox-65.0+linuxmint1+sylvia/ipc/chromium/src/chrome/common/ipc_channel_posix.cc, line 718
[Child 29233, Chrome_ChildThread] WARNING: pipe error: Broken pipe: file /build/firefox-LU5y1Q/firefox-65.0+linuxmint1+sylvia/ipc/chromium/src/chrome/common/ipc_channel_posix.cc, line 718
[Child 29233, Chrome_ChildThread] WARNING: pipe error: Broken pipe: file /build/firefox-LU5y1Q/firefox-65.0+linuxmint1+sylvia/ipc/chromium/src/chrome/common/ipc_channel_posix.cc, line 718
[Child 29233, Chrome_ChildThread] WARNING: pipe error: Broken pipe: file /build/firefox-LU5y1Q/firefox-65.0+linuxmint1+sylvia/ipc/chromium/src/chrome/common/ipc_channel_posix.cc, line 718
[Child 29233, Chrome_ChildThread] WARNING: pipe error: Broken pipe: file /build/firefox-LU5y1Q/firefox-65.0+linuxmint1+sylvia/ipc/chromium/src/chrome/common/ipc_channel_posix.cc, line 718
[Child 29233, Chrome_ChildThread] WARNING: pipe error: Broken pipe: file /build/firefox-LU5y1Q/firefox-65.0+linuxmint1+sylvia/ipc/chromium/src/chrome/common/ipc_channel_posix.cc, line 718
[Parent 28889, Gecko_IOThread] WARNING: pipe error (69): Connection reset by peer: file /build/firefox-LU5y1Q/firefox-65.0+linuxmint1+sylvia/ipc/chromium/src/chrome/common/ipc_channel_posix.cc, line 349
[Parent 28889, Gecko_IOThread] WARNING: pipe error (82): Connection reset by peer: file /build/firefox-LU5y1Q/firefox-65.0+linuxmint1+sylvia/ipc/chromium/src/chrome/common/ipc_channel_posix.cc, line 349
[Parent 28889, Gecko_IOThread] WARNING: pipe error (150): Connection reset by peer: file /build/firefox-LU5y1Q/firefox-65.0+linuxmint1+sylvia/ipc/chromium/src/chrome/common/ipc_channel_posix.cc, line 349
1570309358895	Marionette	INFO	Stopped listening on port 34677
1570309389956	mozrunner::runner	INFO	Running command: "/usr/bin/firefox" "-marionette" "-foreground" "-no-remote" "-profile" "/tmp/rust_mozprofilevlPoN6"
1570309390751	addons.webextension.screenshots@mozilla.org	WARN	Loading extension 'screenshots@mozilla.org': Reading manifest: Invalid host permission: resource://pdf.js/
1570309390751	addons.webextension.screenshots@mozilla.org	WARN	Loading extension 'screenshots@mozilla.org': Reading manifest: Invalid host permission: about:reader*

(firefox:29969): Gtk-WARNING **: Theme parsing error: <data>:1:34: Expected ')' in color definition

(firefox:29969): Gtk-WARNING **: Theme parsing error: <data>:1:77: Expected ')' in color definition
1570309395106	Marionette	INFO	Listening on port 37967
1570309395187	Marionette	WARN	TLS certificate errors will be ignored for this session
console.error: BroadcastService: 
  receivedBroadcastMessage: handler for
  remote-settings/monitor_changes
  threw error:
  Message: Error: Polling for changes failed: NetworkError when attempting to fetch resource..
  Stack:
    remoteSettingsFunction/remoteSettings.pollChanges@resource://services-settings/remote-settings.js:188:13

console.error: BroadcastService: 
  receivedBroadcastMessage: handler for
  remote-settings/monitor_changes
  threw error:
  Message: Error: Polling for changes failed: NetworkError when attempting to fetch resource..
  Stack:
    remoteSettingsFunction/remoteSettings.pollChanges@resource://services-settings/remote-settings.js:188:13


(/usr/lib/firefox/firefox:30096): Gtk-WARNING **: Error loading image 'file:///usr/share/themes/Breeze/assets/scrollbar-trough-vertical-backdrop.png': Error opening file: No such file or directory

(/usr/lib/firefox/firefox:30096): Gtk-WARNING **: Error loading image 'file:///usr/share/themes/Breeze/assets/scrollbar-slider-vertical-backdrop.png': Error opening file: No such file or directory
[Parent 29969, Gecko_IOThread] WARNING: pipe error (70): Connection reset by peer: file /build/firefox-LU5y1Q/firefox-65.0+linuxmint1+sylvia/ipc/chromium/src/chrome/common/ipc_channel_posix.cc, line 349
1570309519957	Marionette	INFO	Stopped listening on port 37967
1570309547386	mozrunner::runner	INFO	Running command: "/usr/bin/firefox" "-marionette" "-foreground" "-no-remote" "-profile" "/tmp/rust_mozprofile5ha05g"
1570309548011	addons.webextension.screenshots@mozilla.org	WARN	Loading extension 'screenshots@mozilla.org': Reading manifest: Invalid host permission: resource://pdf.js/
1570309548012	addons.webextension.screenshots@mozilla.org	WARN	Loading extension 'screenshots@mozilla.org': Reading manifest: Invalid host permission: about:reader*

(firefox:30316): Gtk-WARNING **: Theme parsing error: <data>:1:34: Expected ')' in color definition

(firefox:30316): Gtk-WARNING **: Theme parsing error: <data>:1:77: Expected ')' in color definition
1570309551837	Marionette	INFO	Listening on port 40131
1570309551903	Marionette	WARN	TLS certificate errors will be ignored for this session
console.error: BroadcastService: 
  receivedBroadcastMessage: handler for
  remote-settings/monitor_changes
  threw error:
  Message: Error: Polling for changes failed: NetworkError when attempting to fetch resource..
  Stack:
    remoteSettingsFunction/remoteSettings.pollChanges@resource://services-settings/remote-settings.js:188:13


(/usr/lib/firefox/firefox:30414): Gtk-WARNING **: Error loading image 'file:///usr/share/themes/Breeze/assets/scrollbar-trough-vertical-backdrop.png': Error opening file: No such file or directory

(/usr/lib/firefox/firefox:30414): Gtk-WARNING **: Error loading image 'file:///usr/share/themes/Breeze/assets/scrollbar-slider-vertical-backdrop.png': Error opening file: No such file or directory
[Parent 30316, Gecko_IOThread] WARNING: pipe error (69): Connection reset by peer: file /build/firefox-LU5y1Q/firefox-65.0+linuxmint1+sylvia/ipc/chromium/src/chrome/common/ipc_channel_posix.cc, line 349
[Parent 30316, Gecko_IOThread] WARNING: pipe error (108): Connection reset by peer: file /build/firefox-LU5y1Q/firefox-65.0+linuxmint1+sylvia/ipc/chromium/src/chrome/common/ipc_channel_posix.cc, line 349
1570309585257	Marionette	INFO	Stopped listening on port 40131
JavaScript warning: http://tm.jsuol.com.br/uoltm.js?id=1p0oxf, line 1: unreachable code after return statement
JavaScript warning: http://tm.jsuol.com.br/uoltm.js?id=1p0oxf, line 1: unreachable code after return statement
JavaScript warning: https://tm.jsuol.com.br/uoltm.js?id=1p0oxf, line 1: unreachable code after return statement
JavaScript warning: https://tm.jsuol.com.br/uoltm.js?id=1p0oxf, line 1: unreachable code after return statement
JavaScript warning: https://tm.jsuol.com.br/uoltm.js?id=1p0oxf, line 1: unreachable code after return statement
JavaScript warning: https://tm.jsuol.com.br/uoltm.js?id=1p0oxf, line 1: unreachable code after return statement
JavaScript warning: https://tm.jsuol.com.br/modules/client-purge.js, line 1: unreachable code after return statement
JavaScript warning: https://tm.jsuol.com.br/modules/client-purge.js, line 1: unreachable code after return statement
JavaScript warning: https://tm.jsuol.com.br/uoltm.js?id=1p0oxf, line 1: unreachable code after return statement
JavaScript warning: https://tm.jsuol.com.br/uoltm.js?id=1p0oxf, line 1: unreachable code after return statement
JavaScript warning: https://tm.jsuol.com.br/modules/client-purge.js, line 1: unreachable code after return statement
JavaScript warning: https://tm.jsuol.com.br/modules/client-purge.js, line 1: unreachable code after return statement
JavaScript error: https://static.adsafeprotected.com/sca.17.4.95.js, line 33: TypeError: The ReadableStream reader was released.
1570310373085	mozrunner::runner	INFO	Running command: "/usr/bin/firefox" "-marionette" "-foreground" "-no-remote" "-profile" "/tmp/rust_mozprofilejdoMN3"
1570310374118	addons.webextension.screenshots@mozilla.org	WARN	Loading extension 'screenshots@mozilla.org': Reading manifest: Invalid host permission: resource://pdf.js/
1570310374118	addons.webextension.screenshots@mozilla.org	WARN	Loading extension 'screenshots@mozilla.org': Reading manifest: Invalid host permission: about:reader*

(firefox:31092): Gtk-WARNING **: Theme parsing error: <data>:1:34: Expected ')' in color definition

(firefox:31092): Gtk-WARNING **: Theme parsing error: <data>:1:77: Expected ')' in color definition
1570310379264	Marionette	INFO	Listening on port 42631
1570310379493	Marionette	WARN	TLS certificate errors will be ignored for this session
1570310425596	mozrunner::runner	INFO	Running command: "/usr/bin/firefox" "-marionette" "-foreground" "-no-remote" "-profile" "/tmp/rust_mozprofile5UGKUN"
1570310426528	addons.webextension.screenshots@mozilla.org	WARN	Loading extension 'screenshots@mozilla.org': Reading manifest: Invalid host permission: resource://pdf.js/
1570310426528	addons.webextension.screenshots@mozilla.org	WARN	Loading extension 'screenshots@mozilla.org': Reading manifest: Invalid host permission: about:reader*

(firefox:31351): Gtk-WARNING **: Theme parsing error: <data>:1:34: Expected ')' in color definition

(firefox:31351): Gtk-WARNING **: Theme parsing error: <data>:1:77: Expected ')' in color definition
1570310431910	Marionette	INFO	Listening on port 42907
1570310432006	Marionette	WARN	TLS certificate errors will be ignored for this session

(/usr/lib/firefox/firefox:31206): Gtk-WARNING **: Error loading image 'file:///usr/share/themes/Breeze/assets/scrollbar-trough-vertical-backdrop.png': Error opening file: No such file or directory

(/usr/lib/firefox/firefox:31206): Gtk-WARNING **: Error loading image 'file:///usr/share/themes/Breeze/assets/scrollbar-slider-vertical-backdrop.png': Error opening file: No such file or directory
*** UTM:SVC TimerManager:registerTimer called after profile-before-change notification. Ignoring timer registration for id: telemetry_modules_ping
1570310435632	Marionette	INFO	Stopped listening on port 42631
JavaScript warning: https://tm.jsuol.com.br/uoltm.js?id=1p0oxf, line 1: unreachable code after return statement
JavaScript warning: https://tm.jsuol.com.br/uoltm.js?id=1p0oxf, line 1: unreachable code after return statement
JavaScript warning: https://tm.jsuol.com.br/modules/client-purge.js, line 1: unreachable code after return statement
JavaScript warning: https://tm.jsuol.com.br/modules/client-purge.js, line 1: unreachable code after return statement
JavaScript error: https://static.adsafeprotected.com/sca.17.4.95.js, line 33: TypeError: The ReadableStream reader was released.
console.error: BroadcastService: 
  receivedBroadcastMessage: handler for
  remote-settings/monitor_changes
  threw error:
  Message: Error: Polling for changes failed: NetworkError when attempting to fetch resource..
  Stack:
    remoteSettingsFunction/remoteSettings.pollChanges@resource://services-settings/remote-settings.js:188:13

1570310655605	mozrunner::runner	INFO	Running command: "/usr/bin/firefox" "-marionette" "-foreground" "-no-remote" "-profile" "/tmp/rust_mozprofileCt0h1O"
1570310656328	addons.webextension.screenshots@mozilla.org	WARN	Loading extension 'screenshots@mozilla.org': Reading manifest: Invalid host permission: resource://pdf.js/
1570310656329	addons.webextension.screenshots@mozilla.org	WARN	Loading extension 'screenshots@mozilla.org': Reading manifest: Invalid host permission: about:reader*

(firefox:31754): Gtk-WARNING **: Theme parsing error: <data>:1:34: Expected ')' in color definition

(firefox:31754): Gtk-WARNING **: Theme parsing error: <data>:1:77: Expected ')' in color definition
1570310661097	Marionette	INFO	Listening on port 45989

(/usr/lib/firefox/firefox:31523): Gtk-WARNING **: Error loading image 'file:///usr/share/themes/Breeze/assets/scrollbar-trough-vertical-backdrop.png': Error opening file: No such file or directory

(/usr/lib/firefox/firefox:31523): Gtk-WARNING **: Error loading image 'file:///usr/share/themes/Breeze/assets/scrollbar-slider-vertical-backdrop.png': Error opening file: No such file or directory

(/usr/lib/firefox/firefox:31523): Gtk-WARNING **: Error loading image 'file:///usr/share/themes/Breeze/assets/scrollbar-trough-horizontal-backdrop.png': Error opening file: No such file or directory
1570310661289	Marionette	WARN	TLS certificate errors will be ignored for this session

(/usr/lib/firefox/firefox:31523): Gtk-WARNING **: Error loading image 'file:///usr/share/themes/Breeze/assets/scrollbar-slider-horizontal-backdrop.png': Error opening file: No such file or directory
IPDL protocol error: Handler returned error code!

###!!! [Parent][DispatchAsyncMessage] Error: PLayerTransaction::Msg_ReleaseLayer Processing error: message was deserialized, but the handler returned false (indicating failure)

IPDL protocol error: Handler returned error code!

###!!! [Parent][DispatchAsyncMessage] Error: PLayerTransaction::Msg_ReleaseLayer Processing error: message was deserialized, but the handler returned false (indicating failure)

[Parent 31351, Gecko_IOThread] WARNING: pipe error (69): Connection reset by peer: file /build/firefox-LU5y1Q/firefox-65.0+linuxmint1+sylvia/ipc/chromium/src/chrome/common/ipc_channel_posix.cc, line 349
[Parent 31351, Gecko_IOThread] WARNING: pipe error (63): Connection reset by peer: file /build/firefox-LU5y1Q/firefox-65.0+linuxmint1+sylvia/ipc/chromium/src/chrome/common/ipc_channel_posix.cc, line 349
[Parent 31351, Gecko_IOThread] WARNING: pipe error (129): Connection reset by peer: file /build/firefox-LU5y1Q/firefox-65.0+linuxmint1+sylvia/ipc/chromium/src/chrome/common/ipc_channel_posix.cc, line 349
[Parent 31351, Gecko_IOThread] WARNING: pipe error (108): Connection reset by peer: file /build/firefox-LU5y1Q/firefox-65.0+linuxmint1+sylvia/ipc/chromium/src/chrome/common/ipc_channel_posix.cc, line 349
1570310662669	Marionette	INFO	Stopped listening on port 42907
JavaScript warning: https://tm.jsuol.com.br/uoltm.js?id=1p0oxf, line 1: unreachable code after return statement
JavaScript warning: https://tm.jsuol.com.br/uoltm.js?id=1p0oxf, line 1: unreachable code after return statement
JavaScript warning: https://tm.jsuol.com.br/modules/client-purge.js, line 1: unreachable code after return statement
JavaScript warning: https://tm.jsuol.com.br/modules/client-purge.js, line 1: unreachable code after return statement
JavaScript warning: https://tm.jsuol.com.br/modules/client-purge.js, line 1: unreachable code after return statement
JavaScript warning: https://tm.jsuol.com.br/modules/client-purge.js, line 1: unreachable code after return statement
JavaScript warning: https://tm.jsuol.com.br/modules/client-purge.js, line 1: unreachable code after return statement
JavaScript warning: https://tm.jsuol.com.br/modules/client-purge.js, line 1: unreachable code after return statement
JavaScript warning: https://tm.jsuol.com.br/modules/client-purge.js, line 1: unreachable code after return statement
JavaScript warning: https://tm.jsuol.com.br/modules/client-purge.js, line 1: unreachable code after return statement

(/usr/lib/firefox/firefox:32137): Gtk-WARNING **: Error loading image 'file:///usr/share/themes/Breeze/assets/scrollbar-trough-vertical-backdrop.png': Error opening file: No such file or directory

(/usr/lib/firefox/firefox:32137): Gtk-WARNING **: Error loading image 'file:///usr/share/themes/Breeze/assets/scrollbar-slider-vertical-backdrop.png': Error opening file: No such file or directory

(/usr/lib/firefox/firefox:30686): Gtk-WARNING **: Error loading image 'file:///usr/share/themes/Breeze/assets/scrollbar-trough-vertical-backdrop.png': Error opening file: No such file or directory

(/usr/lib/firefox/firefox:30686): Gtk-WARNING **: Error loading image 'file:///usr/share/themes/Breeze/assets/scrollbar-slider-vertical-backdrop.png': Error opening file: No such file or directory
[Parent 31754, Gecko_IOThread] WARNING: pipe error (69): Connection reset by peer: file /build/firefox-LU5y1Q/firefox-65.0+linuxmint1+sylvia/ipc/chromium/src/chrome/common/ipc_channel_posix.cc, line 349
[Parent 31754, Gecko_IOThread] WARNING: pipe error (80): Connection reset by peer: file /build/firefox-LU5y1Q/firefox-65.0+linuxmint1+sylvia/ipc/chromium/src/chrome/common/ipc_channel_posix.cc, line 349
1570311078248	Marionette	INFO	Stopped listening on port 45989

(/usr/lib/firefox/firefox:29886): Gtk-WARNING **: Error loading image 'file:///usr/share/themes/Breeze/assets/scrollbar-trough-vertical-backdrop.png': Error opening file: No such file or directory

(/usr/lib/firefox/firefox:29886): Gtk-WARNING **: Error loading image 'file:///usr/share/themes/Breeze/assets/scrollbar-slider-vertical-backdrop.png': Error opening file: No such file or directory
JavaScript error: https://static.adsafeprotected.com/sca.17.4.95.js, line 33: TypeError: The ReadableStream reader was released.
ATTENTION: default value of option force_s3tc_enable overridden by environment.
JavaScript error: https://staticxx.facebook.com/connect/xd_arbiter.php?version=44#channel=f2600b0d48cb886&origin=https%3A%2F%2Fwww.pythoncentral.io, line 47: SecurityError: Permission denied to access property Symbol.toPrimitive on cross-origin object
JavaScript error: https://cdn-ssl.vidible.tv/prod/ad-client/js/10.1.5/0.js, line 632: NS_ERROR_NOT_INITIALIZED: 
JavaScript error: https://staticxx.facebook.com/connect/xd_arbiter.php?version=44#channel=f2600b0d48cb886&origin=https%3A%2F%2Fwww.pythoncentral.io, line 47: SecurityError: Permission denied to access property Symbol.toPrimitive on cross-origin object
JavaScript error: https://cdn-ssl.vidible.tv/prod/ad-client/js/10.1.5/0.js, line 632: NS_ERROR_NOT_INITIALIZED: 
JavaScript error: https://staticxx.facebook.com/connect/xd_arbiter.php?version=44#channel=f2600b0d48cb886&origin=https%3A%2F%2Fwww.pythoncentral.io, line 47: SecurityError: Permission denied to access property Symbol.toPrimitive on cross-origin object
JavaScript error: https://cdn-ssl.vidible.tv/prod/ad-client/js/10.1.5/0.js, line 632: NS_ERROR_NOT_INITIALIZED: 
JavaScript error: https://staticxx.facebook.com/connect/xd_arbiter.php?version=44#channel=f2600b0d48cb886&origin=https%3A%2F%2Fwww.pythoncentral.io, line 47: SecurityError: Permission denied to access property Symbol.toPrimitive on cross-origin object
JavaScript error: https://cdn-ssl.vidible.tv/prod/ad-client/js/10.1.5/0.js, line 632: NS_ERROR_NOT_INITIALIZED: 
JavaScript error: https://staticxx.facebook.com/connect/xd_arbiter.php?version=44#channel=f2600b0d48cb886&origin=https%3A%2F%2Fwww.pythoncentral.io, line 47: SecurityError: Permission denied to access property Symbol.toPrimitive on cross-origin object
JavaScript error: https://cdn-ssl.vidible.tv/prod/ad-client/js/10.1.5/0.js, line 632: NS_ERROR_NOT_INITIALIZED: 
JavaScript error: https://static.adsafeprotected.com/sca.17.4.95.js, line 33: TypeError: The ReadableStream reader was released.
JavaScript warning: http://tm.jsuol.com.br/uoltm.js?id=1p0oxf, line 1: unreachable code after return statement
JavaScript warning: http://tm.jsuol.com.br/uoltm.js?id=1p0oxf, line 1: unreachable code after return statement
JavaScript warning: https://tm.jsuol.com.br/uoltm.js?id=1p0oxf, line 1: unreachable code after return statement
JavaScript warning: https://tm.jsuol.com.br/uoltm.js?id=1p0oxf, line 1: unreachable code after return statement
JavaScript warning: https://tm.jsuol.com.br/uoltm.js?id=1p0oxf, line 1: unreachable code after return statement
JavaScript warning: https://tm.jsuol.com.br/uoltm.js?id=1p0oxf, line 1: unreachable code after return statement
JavaScript error: https://static.adsafeprotected.com/sca.17.4.95.js, line 33: TypeError: The ReadableStream reader was released.
JavaScript error: https://static.adsafeprotected.com/sca.17.4.95.js, line 33: TypeError: The ReadableStream reader was released.
JavaScript error: https://static.adsafeprotected.com/sca.17.4.95.js, line 33: TypeError: The ReadableStream reader was released.
JavaScript error: https://static.adsafeprotected.com/sca.17.4.95.js, line 33: TypeError: The ReadableStream reader was released.

(/usr/lib/firefox/firefox:3261): Gtk-WARNING **: Error loading image 'file:///usr/share/themes/Breeze/assets/scrollbar-trough-vertical-backdrop.png': Error opening file: No such file or directory

(/usr/lib/firefox/firefox:3261): Gtk-WARNING **: Error loading image 'file:///usr/share/themes/Breeze/assets/scrollbar-slider-vertical-backdrop.png': Error opening file: No such file or directory
[Parent 29726, Gecko_IOThread] WARNING: pipe error (146): Connection reset by peer: file /build/firefox-LU5y1Q/firefox-65.0+linuxmint1+sylvia/ipc/chromium/src/chrome/common/ipc_channel_posix.cc, line 349
[Parent 29726, Gecko_IOThread] WARNING: pipe error (131): Connection reset by peer: file /build/firefox-LU5y1Q/firefox-65.0+linuxmint1+sylvia/ipc/chromium/src/chrome/common/ipc_channel_posix.cc, line 349
[Parent 29726, Gecko_IOThread] WARNING: pipe error (82): Connection reset by peer: file /build/firefox-LU5y1Q/firefox-65.0+linuxmint1+sylvia/ipc/chromium/src/chrome/common/ipc_channel_posix.cc, line 349
1570318340686	Marionette	INFO	Stopped listening on port 38021
